<?xml version="1.0" encoding="UTF-8"?>
<!-- Generated by org.testng.reporters.JUnitReportReporter -->
<testsuite hostname="MACPK-WKS-0132" failures="0" tests="2" name="Master.ExecutionFile" time="52.419" errors="0" timestamp="2021-03-23T23:04:41 PKT" skipped="0">
  <testcase classname="Master.ExecutionFile" name="AccessApp" time="15.271"/>
  <testcase classname="Master.ExecutionFile" name="Education" time="37.148"/>
</testsuite> <!-- Master.ExecutionFile -->
