<?xml version="1.0" encoding="UTF-8"?>
<!-- Generated by org.testng.reporters.JUnitReportReporter -->
<testsuite hostname="MACPK-WKS-0132" failures="0" tests="4" name="Master.ExecutionFile" time="58.809" errors="0" timestamp="2021-03-24T01:22:07 PKT" skipped="0">
  <testcase classname="Master.ExecutionFile" name="AccessApp" time="10.658"/>
  <testcase classname="Master.ExecutionFile" name="GetCall" time="1.555"/>
  <testcase classname="Master.ExecutionFile" name="Verify_Delay" time="27.851"/>
  <testcase classname="Master.ExecutionFile" name="Verify_Image" time="18.745"/>
</testsuite> <!-- Master.ExecutionFile -->
